[WARN ] 2016-10-15 11:53:22.813 [main] SteathSkinPacker - 1
java.lang.ArrayIndexOutOfBoundsException: 1
	at tdog.lib.crawler.aircraft.stealth.StealthSkin.<init>(StealthSkin.java:13) ~[classes/:?]
	at tdog.lib.crawler.aircraft.stealth.SteathSkinPacker.add(SteathSkinPacker.java:16) [classes/:?]
	at tdog.lib.crawler.aircraft.stealth.SteathSkinPacker.main(SteathSkinPacker.java:28) [classes/:?]
[WARN ] 2016-10-15 11:53:36.839 [main] SteathSkinPacker - EEEEEE
java.lang.ArrayIndexOutOfBoundsException: 1
	at tdog.lib.crawler.aircraft.stealth.StealthSkin.<init>(StealthSkin.java:13) ~[classes/:?]
	at tdog.lib.crawler.aircraft.stealth.SteathSkinPacker.add(SteathSkinPacker.java:16) [classes/:?]
	at tdog.lib.crawler.aircraft.stealth.SteathSkinPacker.main(SteathSkinPacker.java:28) [classes/:?]
[WARN ] 2016-10-15 11:53:46.545 [main] SteathSkinPacker - 1
java.lang.ArrayIndexOutOfBoundsException: 1
	at tdog.lib.crawler.aircraft.stealth.StealthSkin.<init>(StealthSkin.java:13) ~[classes/:?]
	at tdog.lib.crawler.aircraft.stealth.SteathSkinPacker.add(SteathSkinPacker.java:16) [classes/:?]
	at tdog.lib.crawler.aircraft.stealth.SteathSkinPacker.main(SteathSkinPacker.java:28) [classes/:?]
[WARN ] 2016-10-15 11:54:15.726 [main] SteathSkinPacker - Cannot create StealthSkin
java.lang.ArrayIndexOutOfBoundsException: 1
	at tdog.lib.crawler.aircraft.stealth.StealthSkin.<init>(StealthSkin.java:13) ~[classes/:?]
	at tdog.lib.crawler.aircraft.stealth.SteathSkinPacker.add(SteathSkinPacker.java:16) [classes/:?]
	at tdog.lib.crawler.aircraft.stealth.SteathSkinPacker.main(SteathSkinPacker.java:28) [classes/:?]
